{"/Users/nampt/Workspace/Code_class_1/be_origami/app.js": {"path":"/Users/nampt/Workspace/Code_class_1/be_origami/app.js","statementMap":{"0":{"start":{"line":1,"column":0},"end":{"line":1,"column":33}},"1":{"start":{"line":2,"column":13},"end":{"line":2,"column":28}},"2":{"start":{"line":3,"column":14},"end":{"line":3,"column":32}},"3":{"start":{"line":4,"column":11},"end":{"line":4,"column":26}},"4":{"start":{"line":5,"column":19},"end":{"line":5,"column":43}},"5":{"start":{"line":6,"column":13},"end":{"line":6,"column":30}},"6":{"start":{"line":7,"column":21},"end":{"line":7,"column":45}},"7":{"start":{"line":8,"column":18},"end":{"line":8,"column":47}},"8":{"start":{"line":10,"column":17},"end":{"line":10,"column":46}},"9":{"start":{"line":12,"column":18},"end":{"line":12,"column":43}},"10":{"start":{"line":13,"column":18},"end":{"line":13,"column":43}},"11":{"start":{"line":14,"column":19},"end":{"line":14,"column":47}},"12":{"start":{"line":15,"column":19},"end":{"line":15,"column":47}},"13":{"start":{"line":17,"column":23},"end":{"line":17,"column":51}},"14":{"start":{"line":19,"column":10},"end":{"line":19,"column":19}},"15":{"start":{"line":21,"column":26},"end":{"line":41,"column":1}},"16":{"start":{"line":43,"column":16},"end":{"line":47,"column":1}},"17":{"start":{"line":49,"column":20},"end":{"line":49,"column":41}},"18":{"start":{"line":51,"column":0},"end":{"line":51,"column":16}},"19":{"start":{"line":52,"column":0},"end":{"line":52,"column":23}},"20":{"start":{"line":53,"column":0},"end":{"line":53,"column":24}},"21":{"start":{"line":54,"column":0},"end":{"line":54,"column":49}},"22":{"start":{"line":55,"column":0},"end":{"line":55,"column":24}},"23":{"start":{"line":56,"column":0},"end":{"line":56,"column":56}},"24":{"start":{"line":58,"column":0},"end":{"line":58,"column":26}},"25":{"start":{"line":59,"column":0},"end":{"line":59,"column":31}},"26":{"start":{"line":60,"column":0},"end":{"line":60,"column":46}},"27":{"start":{"line":61,"column":0},"end":{"line":61,"column":33}},"28":{"start":{"line":63,"column":0},"end":{"line":63,"column":64}},"29":{"start":{"line":66,"column":0},"end":{"line":68,"column":5}},"30":{"start":{"line":67,"column":2},"end":{"line":67,"column":27}},"31":{"start":{"line":70,"column":0},"end":{"line":70,"column":21}}},"fnMap":{"0":{"name":"(anonymous_0)","decl":{"start":{"line":66,"column":1},"end":{"line":66,"column":2}},"loc":{"start":{"line":66,"column":13},"end":{"line":68,"column":1}},"line":66}},"branchMap":{},"s":{"0":2,"1":2,"2":2,"3":2,"4":2,"5":2,"6":2,"7":2,"8":2,"9":2,"10":2,"11":2,"12":2,"13":2,"14":2,"15":2,"16":2,"17":2,"18":2,"19":2,"20":2,"21":2,"22":2,"23":2,"24":2,"25":2,"26":2,"27":2,"28":2,"29":2,"30":2,"31":2},"f":{"0":2},"b":{},"_coverageSchema":"1a1c01bbd47fc00a2c39e90264f33305004495a9","hash":"681c8f68980bedb36a2ca6d2bed6f0692c4b342e"}
,"/Users/nampt/Workspace/Code_class_1/be_origami/constants/httpMessages.js": {"path":"/Users/nampt/Workspace/Code_class_1/be_origami/constants/httpMessages.js","statementMap":{"0":{"start":{"line":1,"column":23},"end":{"line":1,"column":39}},"1":{"start":{"line":2,"column":21},"end":{"line":2,"column":46}},"2":{"start":{"line":3,"column":23},"end":{"line":3,"column":43}},"3":{"start":{"line":4,"column":25},"end":{"line":4,"column":43}},"4":{"start":{"line":5,"column":27},"end":{"line":5,"column":47}},"5":{"start":{"line":6,"column":25},"end":{"line":6,"column":48}},"6":{"start":{"line":8,"column":0},"end":{"line":15,"column":2}}},"fnMap":{},"branchMap":{},"s":{"0":2,"1":2,"2":2,"3":2,"4":2,"5":2,"6":2},"f":{},"b":{},"_coverageSchema":"1a1c01bbd47fc00a2c39e90264f33305004495a9","hash":"d3c1d0536c11ec396b7e23f7d8d8c4af9cfa7723"}
,"/Users/nampt/Workspace/Code_class_1/be_origami/constants/role.js": {"path":"/Users/nampt/Workspace/Code_class_1/be_origami/constants/role.js","statementMap":{"0":{"start":{"line":1,"column":19},"end":{"line":1,"column":26}},"1":{"start":{"line":2,"column":18},"end":{"line":2,"column":24}},"2":{"start":{"line":4,"column":0},"end":{"line":7,"column":2}}},"fnMap":{},"branchMap":{},"s":{"0":2,"1":2,"2":2},"f":{},"b":{},"_coverageSchema":"1a1c01bbd47fc00a2c39e90264f33305004495a9","hash":"2815aa762f482fb70893ab17793b7143fd9149bc"}
,"/Users/nampt/Workspace/Code_class_1/be_origami/controllers/AuthController.js": {"path":"/Users/nampt/Workspace/Code_class_1/be_origami/controllers/AuthController.js","statementMap":{"0":{"start":{"line":1,"column":13},"end":{"line":1,"column":41}},"1":{"start":{"line":8,"column":4},"end":{"line":8,"column":38}},"2":{"start":{"line":9,"column":22},"end":{"line":9,"column":48}},"3":{"start":{"line":10,"column":34},"end":{"line":10,"column":60}},"4":{"start":{"line":11,"column":12},"end":{"line":11,"column":35}},"5":{"start":{"line":13,"column":17},"end":{"line":37,"column":1}},"6":{"start":{"line":14,"column":2},"end":{"line":36,"column":3}},"7":{"start":{"line":16,"column":50},"end":{"line":16,"column":58}},"8":{"start":{"line":18,"column":4},"end":{"line":18,"column":73}},"9":{"start":{"line":18,"column":29},"end":{"line":18,"column":73}},"10":{"start":{"line":20,"column":17},"end":{"line":20,"column":46}},"11":{"start":{"line":22,"column":4},"end":{"line":22,"column":56}},"12":{"start":{"line":22,"column":14},"end":{"line":22,"column":56}},"13":{"start":{"line":24,"column":23},"end":{"line":24,"column":43}},"14":{"start":{"line":26,"column":20},"end":{"line":30,"column":6}},"15":{"start":{"line":32,"column":4},"end":{"line":32,"column":41}},"16":{"start":{"line":34,"column":4},"end":{"line":34,"column":77}},"17":{"start":{"line":35,"column":4},"end":{"line":35,"column":39}},"18":{"start":{"line":39,"column":14},"end":{"line":67,"column":1}},"19":{"start":{"line":40,"column":2},"end":{"line":66,"column":3}},"20":{"start":{"line":41,"column":32},"end":{"line":41,"column":40}},"21":{"start":{"line":42,"column":4},"end":{"line":42,"column":73}},"22":{"start":{"line":42,"column":29},"end":{"line":42,"column":73}},"23":{"start":{"line":44,"column":17},"end":{"line":44,"column":46}},"24":{"start":{"line":46,"column":4},"end":{"line":46,"column":59}},"25":{"start":{"line":46,"column":15},"end":{"line":46,"column":59}},"26":{"start":{"line":48,"column":28},"end":{"line":48,"column":74}},"27":{"start":{"line":50,"column":4},"end":{"line":50,"column":72}},"28":{"start":{"line":50,"column":26},"end":{"line":50,"column":72}},"29":{"start":{"line":52,"column":20},"end":{"line":56,"column":5}},"30":{"start":{"line":57,"column":18},"end":{"line":57,"column":63}},"31":{"start":{"line":59,"column":4},"end":{"line":59,"column":39}},"32":{"start":{"line":61,"column":4},"end":{"line":64,"column":6}},"33":{"start":{"line":65,"column":4},"end":{"line":65,"column":39}},"34":{"start":{"line":69,"column":0},"end":{"line":72,"column":2}}},"fnMap":{"0":{"name":"(anonymous_0)","decl":{"start":{"line":13,"column":17},"end":{"line":13,"column":18}},"loc":{"start":{"line":13,"column":43},"end":{"line":37,"column":1}},"line":13},"1":{"name":"(anonymous_1)","decl":{"start":{"line":39,"column":14},"end":{"line":39,"column":15}},"loc":{"start":{"line":39,"column":34},"end":{"line":67,"column":1}},"line":39}},"branchMap":{"0":{"loc":{"start":{"line":16,"column":29},"end":{"line":16,"column":45}},"type":"default-arg","locations":[{"start":{"line":16,"column":36},"end":{"line":16,"column":45}}],"line":16},"1":{"loc":{"start":{"line":18,"column":4},"end":{"line":18,"column":73}},"type":"if","locations":[{"start":{"line":18,"column":4},"end":{"line":18,"column":73}},{"start":{},"end":{}}],"line":18},"2":{"loc":{"start":{"line":18,"column":8},"end":{"line":18,"column":27}},"type":"binary-expr","locations":[{"start":{"line":18,"column":8},"end":{"line":18,"column":14}},{"start":{"line":18,"column":18},"end":{"line":18,"column":27}}],"line":18},"3":{"loc":{"start":{"line":22,"column":4},"end":{"line":22,"column":56}},"type":"if","locations":[{"start":{"line":22,"column":4},"end":{"line":22,"column":56}},{"start":{},"end":{}}],"line":22},"4":{"loc":{"start":{"line":42,"column":4},"end":{"line":42,"column":73}},"type":"if","locations":[{"start":{"line":42,"column":4},"end":{"line":42,"column":73}},{"start":{},"end":{}}],"line":42},"5":{"loc":{"start":{"line":42,"column":8},"end":{"line":42,"column":27}},"type":"binary-expr","locations":[{"start":{"line":42,"column":8},"end":{"line":42,"column":14}},{"start":{"line":42,"column":18},"end":{"line":42,"column":27}}],"line":42},"6":{"loc":{"start":{"line":46,"column":4},"end":{"line":46,"column":59}},"type":"if","locations":[{"start":{"line":46,"column":4},"end":{"line":46,"column":59}},{"start":{},"end":{}}],"line":46},"7":{"loc":{"start":{"line":50,"column":4},"end":{"line":50,"column":72}},"type":"if","locations":[{"start":{"line":50,"column":4},"end":{"line":50,"column":72}},{"start":{},"end":{}}],"line":50}},"s":{"0":2,"1":2,"2":2,"3":2,"4":2,"5":2,"6":0,"7":0,"8":0,"9":0,"10":0,"11":0,"12":0,"13":0,"14":0,"15":0,"16":0,"17":0,"18":2,"19":3,"20":3,"21":3,"22":1,"23":2,"24":2,"25":0,"26":2,"27":2,"28":1,"29":1,"30":1,"31":1,"32":0,"33":0,"34":2},"f":{"0":0,"1":3},"b":{"0":[0],"1":[0,0],"2":[0,0],"3":[0,0],"4":[1,2],"5":[3,2],"6":[0,2],"7":[1,1]},"_coverageSchema":"1a1c01bbd47fc00a2c39e90264f33305004495a9","hash":"b91b0d1a27796c4907cee888647c95cf5d16e2fb"}
,"/Users/nampt/Workspace/Code_class_1/be_origami/controllers/PostController.js": {"path":"/Users/nampt/Workspace/Code_class_1/be_origami/controllers/PostController.js","statementMap":{"0":{"start":{"line":1,"column":23},"end":{"line":1,"column":62}},"1":{"start":{"line":3,"column":20},"end":{"line":7,"column":1}},"2":{"start":{"line":4,"column":2},"end":{"line":4,"column":26}},"3":{"start":{"line":5,"column":16},"end":{"line":5,"column":47}},"4":{"start":{"line":6,"column":2},"end":{"line":6,"column":66}},"5":{"start":{"line":9,"column":0},"end":{"line":11,"column":2}}},"fnMap":{"0":{"name":"(anonymous_0)","decl":{"start":{"line":3,"column":20},"end":{"line":3,"column":21}},"loc":{"start":{"line":3,"column":46},"end":{"line":7,"column":1}},"line":3}},"branchMap":{},"s":{"0":2,"1":2,"2":0,"3":0,"4":0,"5":2},"f":{"0":0},"b":{},"_coverageSchema":"1a1c01bbd47fc00a2c39e90264f33305004495a9","hash":"ff753adb00eaf9c51a26884c2a69e16a5ca1a8ce"}
,"/Users/nampt/Workspace/Code_class_1/be_origami/database/connect.js": {"path":"/Users/nampt/Workspace/Code_class_1/be_origami/database/connect.js","statementMap":{"0":{"start":{"line":1,"column":0},"end":{"line":1,"column":27}},"1":{"start":{"line":2,"column":17},"end":{"line":2,"column":36}},"2":{"start":{"line":4,"column":16},"end":{"line":15,"column":1}},"3":{"start":{"line":5,"column":2},"end":{"line":14,"column":3}},"4":{"start":{"line":7,"column":4},"end":{"line":10,"column":7}},"5":{"start":{"line":11,"column":4},"end":{"line":11,"column":36}},"6":{"start":{"line":13,"column":4},"end":{"line":13,"column":76}},"7":{"start":{"line":17,"column":19},"end":{"line":24,"column":1}},"8":{"start":{"line":18,"column":2},"end":{"line":23,"column":3}},"9":{"start":{"line":19,"column":4},"end":{"line":19,"column":38}},"10":{"start":{"line":20,"column":4},"end":{"line":20,"column":44}},"11":{"start":{"line":22,"column":4},"end":{"line":22,"column":79}},"12":{"start":{"line":26,"column":0},"end":{"line":29,"column":2}}},"fnMap":{"0":{"name":"(anonymous_0)","decl":{"start":{"line":4,"column":16},"end":{"line":4,"column":17}},"loc":{"start":{"line":4,"column":28},"end":{"line":15,"column":1}},"line":4},"1":{"name":"(anonymous_1)","decl":{"start":{"line":17,"column":19},"end":{"line":17,"column":20}},"loc":{"start":{"line":17,"column":31},"end":{"line":24,"column":1}},"line":17}},"branchMap":{},"s":{"0":3,"1":3,"2":3,"3":5,"4":5,"5":5,"6":0,"7":3,"8":3,"9":3,"10":3,"11":0,"12":3},"f":{"0":5,"1":3},"b":{},"_coverageSchema":"1a1c01bbd47fc00a2c39e90264f33305004495a9","hash":"90e0c249213835caa9f756998009c0b919b8efb4"}
,"/Users/nampt/Workspace/Code_class_1/be_origami/database/models/PostModel.js": {"path":"/Users/nampt/Workspace/Code_class_1/be_origami/database/models/PostModel.js","statementMap":{"0":{"start":{"line":1,"column":17},"end":{"line":1,"column":36}},"1":{"start":{"line":2,"column":19},"end":{"line":2,"column":27}},"2":{"start":{"line":4,"column":19},"end":{"line":12,"column":1}},"3":{"start":{"line":14,"column":13},"end":{"line":14,"column":47}},"4":{"start":{"line":16,"column":0},"end":{"line":16,"column":22}}},"fnMap":{},"branchMap":{},"s":{"0":3,"1":3,"2":3,"3":3,"4":3},"f":{},"b":{},"_coverageSchema":"1a1c01bbd47fc00a2c39e90264f33305004495a9","hash":"dffafde7b7097831b82a296ba1d52fe83fdd57ee"}
,"/Users/nampt/Workspace/Code_class_1/be_origami/database/models/UserModel.js": {"path":"/Users/nampt/Workspace/Code_class_1/be_origami/database/models/UserModel.js","statementMap":{"0":{"start":{"line":1,"column":17},"end":{"line":1,"column":36}},"1":{"start":{"line":2,"column":19},"end":{"line":2,"column":27}},"2":{"start":{"line":3,"column":34},"end":{"line":3,"column":60}},"3":{"start":{"line":5,"column":19},"end":{"line":19,"column":1}},"4":{"start":{"line":21,"column":13},"end":{"line":21,"column":47}},"5":{"start":{"line":23,"column":0},"end":{"line":23,"column":22}}},"fnMap":{},"branchMap":{},"s":{"0":2,"1":2,"2":2,"3":2,"4":2,"5":2},"f":{},"b":{},"_coverageSchema":"1a1c01bbd47fc00a2c39e90264f33305004495a9","hash":"006afebc1912ca0fee05f6931fa6af81f6ec19ac"}
,"/Users/nampt/Workspace/Code_class_1/be_origami/helpers/bcrypt.js": {"path":"/Users/nampt/Workspace/Code_class_1/be_origami/helpers/bcrypt.js","statementMap":{"0":{"start":{"line":1,"column":15},"end":{"line":1,"column":32}},"1":{"start":{"line":3,"column":13},"end":{"line":11,"column":1}},"2":{"start":{"line":4,"column":2},"end":{"line":10,"column":3}},"3":{"start":{"line":5,"column":23},"end":{"line":5,"column":50}},"4":{"start":{"line":6,"column":4},"end":{"line":6,"column":22}},"5":{"start":{"line":8,"column":4},"end":{"line":8,"column":71}},"6":{"start":{"line":9,"column":4},"end":{"line":9,"column":17}},"7":{"start":{"line":13,"column":24},"end":{"line":16,"column":1}},"8":{"start":{"line":14,"column":26},"end":{"line":14,"column":67}},"9":{"start":{"line":15,"column":2},"end":{"line":15,"column":25}},"10":{"start":{"line":18,"column":0},"end":{"line":21,"column":2}}},"fnMap":{"0":{"name":"(anonymous_0)","decl":{"start":{"line":3,"column":13},"end":{"line":3,"column":14}},"loc":{"start":{"line":3,"column":29},"end":{"line":11,"column":1}},"line":3},"1":{"name":"(anonymous_1)","decl":{"start":{"line":13,"column":24},"end":{"line":13,"column":25}},"loc":{"start":{"line":13,"column":55},"end":{"line":16,"column":1}},"line":13}},"branchMap":{},"s":{"0":2,"1":2,"2":0,"3":0,"4":0,"5":0,"6":0,"7":2,"8":2,"9":2,"10":2},"f":{"0":0,"1":2},"b":{},"_coverageSchema":"1a1c01bbd47fc00a2c39e90264f33305004495a9","hash":"c8342bb40f9dc69e431ad0b2d6346afd06274c96"}
,"/Users/nampt/Workspace/Code_class_1/be_origami/middlewares/auth.js": {"path":"/Users/nampt/Workspace/Code_class_1/be_origami/middlewares/auth.js","statementMap":{"0":{"start":{"line":1,"column":12},"end":{"line":1,"column":35}},"1":{"start":{"line":3,"column":29},"end":{"line":3,"column":63}},"2":{"start":{"line":5,"column":19},"end":{"line":25,"column":1}},"3":{"start":{"line":7,"column":2},"end":{"line":24,"column":3}},"4":{"start":{"line":8,"column":18},"end":{"line":8,"column":63}},"5":{"start":{"line":10,"column":4},"end":{"line":10,"column":62}},"6":{"start":{"line":10,"column":16},"end":{"line":10,"column":62}},"7":{"start":{"line":12,"column":26},"end":{"line":12,"column":71}},"8":{"start":{"line":14,"column":4},"end":{"line":14,"column":70}},"9":{"start":{"line":14,"column":24},"end":{"line":14,"column":70}},"10":{"start":{"line":16,"column":4},"end":{"line":16,"column":34}},"11":{"start":{"line":17,"column":4},"end":{"line":17,"column":40}},"12":{"start":{"line":18,"column":4},"end":{"line":18,"column":38}},"13":{"start":{"line":20,"column":4},"end":{"line":20,"column":18}},"14":{"start":{"line":22,"column":4},"end":{"line":22,"column":76}},"15":{"start":{"line":23,"column":4},"end":{"line":23,"column":16}},"16":{"start":{"line":27,"column":0},"end":{"line":29,"column":2}}},"fnMap":{"0":{"name":"(anonymous_0)","decl":{"start":{"line":5,"column":19},"end":{"line":5,"column":20}},"loc":{"start":{"line":5,"column":39},"end":{"line":25,"column":1}},"line":5}},"branchMap":{"0":{"loc":{"start":{"line":8,"column":18},"end":{"line":8,"column":63}},"type":"binary-expr","locations":[{"start":{"line":8,"column":18},"end":{"line":8,"column":42}},{"start":{"line":8,"column":46},"end":{"line":8,"column":63}}],"line":8},"1":{"loc":{"start":{"line":10,"column":4},"end":{"line":10,"column":62}},"type":"if","locations":[{"start":{"line":10,"column":4},"end":{"line":10,"column":62}},{"start":{},"end":{}}],"line":10},"2":{"loc":{"start":{"line":14,"column":4},"end":{"line":14,"column":70}},"type":"if","locations":[{"start":{"line":14,"column":4},"end":{"line":14,"column":70}},{"start":{},"end":{}}],"line":14}},"s":{"0":2,"1":2,"2":2,"3":1,"4":1,"5":1,"6":1,"7":0,"8":0,"9":0,"10":0,"11":0,"12":0,"13":0,"14":0,"15":0,"16":2},"f":{"0":1},"b":{"0":[1,1],"1":[1,0],"2":[0,0]},"_coverageSchema":"1a1c01bbd47fc00a2c39e90264f33305004495a9","hash":"2f2f41ddff00f7868d2b7a8b0db7b9395c9d1163"}
,"/Users/nampt/Workspace/Code_class_1/be_origami/repositories/PostRepository.js": {"path":"/Users/nampt/Workspace/Code_class_1/be_origami/repositories/PostRepository.js","statementMap":{"0":{"start":{"line":1,"column":13},"end":{"line":1,"column":50}},"1":{"start":{"line":3,"column":17},"end":{"line":13,"column":1}},"2":{"start":{"line":4,"column":2},"end":{"line":12,"column":3}},"3":{"start":{"line":5,"column":18},"end":{"line":5,"column":37}},"4":{"start":{"line":6,"column":4},"end":{"line":6,"column":17}},"5":{"start":{"line":8,"column":4},"end":{"line":11,"column":6}},"6":{"start":{"line":15,"column":20},"end":{"line":25,"column":1}},"7":{"start":{"line":16,"column":2},"end":{"line":24,"column":3}},"8":{"start":{"line":17,"column":17},"end":{"line":17,"column":40}},"9":{"start":{"line":18,"column":4},"end":{"line":18,"column":16}},"10":{"start":{"line":20,"column":4},"end":{"line":23,"column":6}},"11":{"start":{"line":27,"column":0},"end":{"line":30,"column":2}}},"fnMap":{"0":{"name":"(anonymous_0)","decl":{"start":{"line":3,"column":17},"end":{"line":3,"column":18}},"loc":{"start":{"line":3,"column":29},"end":{"line":13,"column":1}},"line":3},"1":{"name":"(anonymous_1)","decl":{"start":{"line":15,"column":20},"end":{"line":15,"column":21}},"loc":{"start":{"line":15,"column":34},"end":{"line":25,"column":1}},"line":15}},"branchMap":{},"s":{"0":3,"1":3,"2":1,"3":1,"4":1,"5":0,"6":3,"7":1,"8":1,"9":1,"10":0,"11":3},"f":{"0":1,"1":1},"b":{},"_coverageSchema":"1a1c01bbd47fc00a2c39e90264f33305004495a9","hash":"ad3f5614bd89e827cfa256ff9b53cf3907c0feca"}
,"/Users/nampt/Workspace/Code_class_1/be_origami/routes/index.js": {"path":"/Users/nampt/Workspace/Code_class_1/be_origami/routes/index.js","statementMap":{"0":{"start":{"line":1,"column":14},"end":{"line":1,"column":32}},"1":{"start":{"line":2,"column":13},"end":{"line":2,"column":29}},"2":{"start":{"line":5,"column":0},"end":{"line":7,"column":3}},"3":{"start":{"line":6,"column":2},"end":{"line":6,"column":44}},"4":{"start":{"line":9,"column":0},"end":{"line":9,"column":24}}},"fnMap":{"0":{"name":"(anonymous_0)","decl":{"start":{"line":5,"column":16},"end":{"line":5,"column":17}},"loc":{"start":{"line":5,"column":41},"end":{"line":7,"column":1}},"line":5}},"branchMap":{},"s":{"0":2,"1":2,"2":2,"3":0,"4":2},"f":{"0":0},"b":{},"_coverageSchema":"1a1c01bbd47fc00a2c39e90264f33305004495a9","hash":"3545c93e46016ce102d562ef591d24a1abfb716a"}
,"/Users/nampt/Workspace/Code_class_1/be_origami/routes/users.js": {"path":"/Users/nampt/Workspace/Code_class_1/be_origami/routes/users.js","statementMap":{"0":{"start":{"line":1,"column":14},"end":{"line":1,"column":32}},"1":{"start":{"line":2,"column":13},"end":{"line":2,"column":29}},"2":{"start":{"line":5,"column":0},"end":{"line":7,"column":3}},"3":{"start":{"line":6,"column":2},"end":{"line":6,"column":38}},"4":{"start":{"line":9,"column":0},"end":{"line":9,"column":24}}},"fnMap":{"0":{"name":"(anonymous_0)","decl":{"start":{"line":5,"column":16},"end":{"line":5,"column":17}},"loc":{"start":{"line":5,"column":41},"end":{"line":7,"column":1}},"line":5}},"branchMap":{},"s":{"0":2,"1":2,"2":2,"3":0,"4":2},"f":{"0":0},"b":{},"_coverageSchema":"1a1c01bbd47fc00a2c39e90264f33305004495a9","hash":"181b6a231f4a9737505fcbb6287aedceb3a4ed26"}
,"/Users/nampt/Workspace/Code_class_1/be_origami/routes/api/auth.js": {"path":"/Users/nampt/Workspace/Code_class_1/be_origami/routes/api/auth.js","statementMap":{"0":{"start":{"line":1,"column":14},"end":{"line":1,"column":32}},"1":{"start":{"line":2,"column":13},"end":{"line":2,"column":29}},"2":{"start":{"line":3,"column":28},"end":{"line":3,"column":66}},"3":{"start":{"line":6,"column":0},"end":{"line":6,"column":35}},"4":{"start":{"line":8,"column":0},"end":{"line":8,"column":29}},"5":{"start":{"line":10,"column":0},"end":{"line":10,"column":24}}},"fnMap":{},"branchMap":{},"s":{"0":2,"1":2,"2":2,"3":2,"4":2,"5":2},"f":{},"b":{},"_coverageSchema":"1a1c01bbd47fc00a2c39e90264f33305004495a9","hash":"b2fa5e0f46e99dc5251b5082f996825e1ac8e735"}
,"/Users/nampt/Workspace/Code_class_1/be_origami/routes/api/post.js": {"path":"/Users/nampt/Workspace/Code_class_1/be_origami/routes/api/post.js","statementMap":{"0":{"start":{"line":1,"column":14},"end":{"line":1,"column":32}},"1":{"start":{"line":2,"column":13},"end":{"line":2,"column":29}},"2":{"start":{"line":4,"column":24},"end":{"line":4,"column":62}},"3":{"start":{"line":18,"column":0},"end":{"line":18,"column":29}},"4":{"start":{"line":20,"column":0},"end":{"line":20,"column":24}}},"fnMap":{},"branchMap":{},"s":{"0":2,"1":2,"2":2,"3":2,"4":2},"f":{},"b":{},"_coverageSchema":"1a1c01bbd47fc00a2c39e90264f33305004495a9","hash":"29b4e16f19923baa5d3ec4e98a54bfdc89ebdd4e"}
}
